# JRE version: Java(TM) SE Runtime Environment (8.0_192-b12) (build 1.8.0_192-b12)
# Java VM: Java HotSpot(TM) 64-Bit Server VM (25.192-b12 mixed mode windows-amd64 compressed oops)
Heap:
 PSYoungGen      total 351744K, used 183976K [0x00000000d5980000, 0x00000000ecb00000, 0x0000000100000000)
  eden space 341504K, 51% used [0x00000000d5980000,0x00000000e04dce38,0x00000000ea700000)
  from space 10240K, 83% used [0x00000000eb480000,0x00000000ebccd598,0x00000000ebe80000)
  to   space 13824K, 0% used [0x00000000ea700000,0x00000000ea700000,0x00000000eb480000)
 ParOldGen       total 50688K, used 23009K [0x0000000080c00000, 0x0000000083d80000, 0x00000000d5980000)
  object space 50688K, 45% used [0x0000000080c00000,0x0000000082278708,0x0000000083d80000)
 Metaspace       used 38965K, capacity 39706K, committed 39896K, reserved 1083392K
  class space    used 5156K, capacity 5360K, committed 5376K, reserved 1048576K
GC Heap History (10 events):
Event: 7.729 GC heap before
{Heap before GC invocations=10 (full 1):
 PSYoungGen      total 241664K, used 241558K [0x00000000d5980000, 0x00000000e6b80000, 0x0000000100000000)
  eden space 236544K, 100% used [0x00000000d5980000,0x00000000e4080000,0x00000000e4080000)
  from space 5120K, 97% used [0x00000000e6680000,0x00000000e6b65ba0,0x00000000e6b80000)
  to   space 9728K, 0% used [0x00000000e5880000,0x00000000e5880000,0x00000000e6200000)
 ParOldGen       total 50688K, used 6893K [0x0000000080c00000, 0x0000000083d80000, 0x00000000d5980000)
  object space 50688K, 13% used [0x0000000080c00000,0x00000000812bb548,0x0000000083d80000)
 Metaspace       used 25607K, capacity 26014K, committed 26368K, reserved 1073152K
  class space    used 3393K, capacity 3488K, committed 3584K, reserved 1048576K
Event: 7.738 GC heap after
Heap after GC invocations=10 (full 1):
 PSYoungGen      total 270848K, used 8280K [0x00000000d5980000, 0x00000000ebe80000, 0x0000000100000000)
  eden space 261120K, 0% used [0x00000000d5980000,0x00000000d5980000,0x00000000e5880000)
  from space 9728K, 85% used [0x00000000e5880000,0x00000000e6096058,0x00000000e6200000)
  to   space 10240K, 0% used [0x00000000eb480000,0x00000000eb480000,0x00000000ebe80000)
 ParOldGen       total 50688K, used 6901K [0x0000000080c00000, 0x0000000083d80000, 0x00000000d5980000)
  object space 50688K, 13% used [0x0000000080c00000,0x00000000812bd548,0x0000000083d80000)
 Metaspace       used 25607K, capacity 26014K, committed 26368K, reserved 1073152K
  class space    used 3393K, capacity 3488K, committed 3584K, reserved 1048576K
}
Event: 8.840 GC heap before
{Heap before GC invocations=11 (full 1):
 PSYoungGen      total 270848K, used 269400K [0x00000000d5980000, 0x00000000ebe80000, 0x0000000100000000)
  eden space 261120K, 100% used [0x00000000d5980000,0x00000000e5880000,0x00000000e5880000)
  from space 9728K, 85% used [0x00000000e5880000,0x00000000e6096058,0x00000000e6200000)
  to   space 10240K, 0% used [0x00000000eb480000,0x00000000eb480000,0x00000000ebe80000)
 ParOldGen       total 50688K, used 6901K [0x0000000080c00000, 0x0000000083d80000, 0x00000000d5980000)
  object space 50688K, 13% used [0x0000000080c00000,0x00000000812bd548,0x0000000083d80000)
 Metaspace       used 33582K, capacity 34070K, committed 34560K, reserved 1079296K
  class space    used 4425K, capacity 4537K, committed 4608K, reserved 1048576K
Event: 8.860 GC heap after
Heap after GC invocations=11 (full 1):
 PSYoungGen      total 271360K, used 10227K [0x00000000d5980000, 0x00000000ebe80000, 0x0000000100000000)
  eden space 261120K, 0% used [0x00000000d5980000,0x00000000d5980000,0x00000000e5880000)
  from space 10240K, 99% used [0x00000000eb480000,0x00000000ebe7cd80,0x00000000ebe80000)
  to   space 9728K, 0% used [0x00000000e5880000,0x00000000e5880000,0x00000000e6200000)
 ParOldGen       total 50688K, used 14368K [0x0000000080c00000, 0x0000000083d80000, 0x00000000d5980000)
  object space 50688K, 28% used [0x0000000080c00000,0x0000000081a08000,0x0000000083d80000)
 Metaspace       used 33582K, capacity 34070K, committed 34560K, reserved 1079296K
  class space    used 4425K, capacity 4537K, committed 4608K, reserved 1048576K
}
Event: 9.835 GC heap before
{Heap before GC invocations=12 (full 1):
 PSYoungGen      total 271360K, used 99893K [0x00000000d5980000, 0x00000000ebe80000, 0x0000000100000000)
  eden space 261120K, 34% used [0x00000000d5980000,0x00000000db110a18,0x00000000e5880000)
  from space 10240K, 99% used [0x00000000eb480000,0x00000000ebe7cd80,0x00000000ebe80000)
  to   space 9728K, 0% used [0x00000000e5880000,0x00000000e5880000,0x00000000e6200000)
 ParOldGen       total 50688K, used 14368K [0x0000000080c00000, 0x0000000083d80000, 0x00000000d5980000)
  object space 50688K, 28% used [0x0000000080c00000,0x0000000081a08000,0x0000000083d80000)
 Metaspace       used 34669K, capacity 35200K, committed 35416K, reserved 1079296K
  class space    used 4571K, capacity 4711K, committed 4736K, reserved 1048576K
Event: 9.845 GC heap after
Heap after GC invocations=12 (full 1):
 PSYoungGen      total 270848K, used 3859K [0x00000000d5980000, 0x00000000ebe80000, 0x0000000100000000)
  eden space 261120K, 0% used [0x00000000d5980000,0x00000000d5980000,0x00000000e5880000)
  from space 9728K, 39% used [0x00000000e5880000,0x00000000e5c44fd0,0x00000000e6200000)
  to   space 10240K, 0% used [0x00000000eb480000,0x00000000eb480000,0x00000000ebe80000)
 ParOldGen       total 50688K, used 24572K [0x0000000080c00000, 0x0000000083d80000, 0x00000000d5980000)
  object space 50688K, 48% used [0x0000000080c00000,0x00000000823ff3c8,0x0000000083d80000)
 Metaspace       used 34669K, capacity 35200K, committed 35416K, reserved 1079296K
  class space    used 4571K, capacity 4711K, committed 4736K, reserved 1048576K
}
Event: 9.845 GC heap before
{Heap before GC invocations=13 (full 2):
 PSYoungGen      total 270848K, used 3859K [0x00000000d5980000, 0x00000000ebe80000, 0x0000000100000000)
  eden space 261120K, 0% used [0x00000000d5980000,0x00000000d5980000,0x00000000e5880000)
  from space 9728K, 39% used [0x00000000e5880000,0x00000000e5c44fd0,0x00000000e6200000)
  to   space 10240K, 0% used [0x00000000eb480000,0x00000000eb480000,0x00000000ebe80000)
 ParOldGen       total 50688K, used 24572K [0x0000000080c00000, 0x0000000083d80000, 0x00000000d5980000)
  object space 50688K, 48% used [0x0000000080c00000,0x00000000823ff3c8,0x0000000083d80000)
 Metaspace       used 34669K, capacity 35200K, committed 35416K, reserved 1079296K
  class space    used 4571K, capacity 4711K, committed 4736K, reserved 1048576K
Event: 9.925 GC heap after
Heap after GC invocations=13 (full 2):
 PSYoungGen      total 270848K, used 0K [0x00000000d5980000, 0x00000000ebe80000, 0x0000000100000000)
  eden space 261120K, 0% used [0x00000000d5980000,0x00000000d5980000,0x00000000e5880000)
  from space 9728K, 0% used [0x00000000e5880000,0x00000000e5880000,0x00000000e6200000)
  to   space 10240K, 0% used [0x00000000eb480000,0x00000000eb480000,0x00000000ebe80000)
 ParOldGen       total 50688K, used 23001K [0x0000000080c00000, 0x0000000083d80000, 0x00000000d5980000)
  object space 50688K, 45% used [0x0000000080c00000,0x0000000082276708,0x0000000083d80000)
 Metaspace       used 34669K, capacity 35200K, committed 35416K, reserved 1079296K
  class space    used 4571K, capacity 4711K, committed 4736K, reserved 1048576K
}
Event: 10.694 GC heap before
{Heap before GC invocations=14 (full 2):
 PSYoungGen      total 270848K, used 261120K [0x00000000d5980000, 0x00000000ebe80000, 0x0000000100000000)
  eden space 261120K, 100% used [0x00000000d5980000,0x00000000e5880000,0x00000000e5880000)
  from space 9728K, 0% used [0x00000000e5880000,0x00000000e5880000,0x00000000e6200000)
  to   space 10240K, 0% used [0x00000000eb480000,0x00000000eb480000,0x00000000ebe80000)
 ParOldGen       total 50688K, used 23001K [0x0000000080c00000, 0x0000000083d80000, 0x00000000d5980000)
  object space 50688K, 45% used [0x0000000080c00000,0x0000000082276708,0x0000000083d80000)
 Metaspace       used 36926K, capacity 37564K, committed 37848K, reserved 1081344K
  class space    used 4868K, capacity 5025K, committed 5120K, reserved 1048576K
Event: 10.701 GC heap after
Heap after GC invocations=14 (full 2):
 PSYoungGen      total 351744K, used 8501K [0x00000000d5980000, 0x00000000ecb00000, 0x0000000100000000)
  eden space 341504K, 0% used [0x00000000d5980000,0x00000000d5980000,0x00000000ea700000)
  from space 10240K, 83% used [0x00000000eb480000,0x00000000ebccd598,0x00000000ebe80000)
  to   space 13824K, 0% used [0x00000000ea700000,0x00000000ea700000,0x00000000eb480000)
 ParOldGen       total 50688K, used 23009K [0x0000000080c00000, 0x0000000083d80000, 0x00000000d5980000)
  object space 50688K, 45% used [0x0000000080c00000,0x0000000082278708,0x0000000083d80000)
 Metaspace       used 36926K, capacity 37564K, committed 37848K, reserved 1081344K
  class space    used 4868K, capacity 5025K, committed 5120K, reserved 1048576K
}

